<?xml version="1.0" encoding="UTF-8"?>
<testng-results ignored="0" total="1" passed="1" failed="0" skipped="0">
  <reporter-output>
  </reporter-output>
  <suite started-at="2022-07-19T23:00:44Z" name="Default suite" finished-at="2022-07-19T23:00:49Z" duration-ms="4835">
    <groups>
    </groups>
    <test started-at="2022-07-19T23:00:44Z" name="Default test" finished-at="2022-07-19T23:00:49Z" duration-ms="4835">
      <class name="api_document.Post_Login">
        <test-method is-config="true" signature="Before_Class()[pri:0, instance:api_document.Post_Login@7d20d0b]" started-at="2022-07-19T23:00:44Z" name="Before_Class" finished-at="2022-07-19T23:00:44Z" duration-ms="12" status="PASS">
          <reporter-output>
          </reporter-output>
        </test-method> <!-- Before_Class -->
        <test-method signature="Post_Login()[pri:0, instance:api_document.Post_Login@7d20d0b]" started-at="2022-07-19T23:00:44Z" name="Post_Login" finished-at="2022-07-19T23:00:49Z" duration-ms="4794" status="PASS">
          <reporter-output>
          </reporter-output>
        </test-method> <!-- Post_Login -->
      </class> <!-- api_document.Post_Login -->
    </test> <!-- Default test -->
  </suite> <!-- Default suite -->
</testng-results>
